Mono path[0] = 'C:/Users/mmmba/Downloads/Code/UT Classes/Freshman Spring 24-25/ECLAIR/autonomous-car/Game/autonomous-car-sim_Data/Managed'
Mono config path = 'C:/Users/mmmba/Downloads/Code/UT Classes/Freshman Spring 24-25/ECLAIR/autonomous-car/Game/MonoBleedingEdge/etc'
Input System module state changed to: Initialized.
[Physics::Module] Initialized fallback backend.
[Physics::Module] Id: 0xdecafbad
Initialize engine version: 6000.0.37f1 (090b7797214c)
[Subsystems] Discovering subsystems at path C:/Users/mmmba/Downloads/Code/UT Classes/Freshman Spring 24-25/ECLAIR/autonomous-car/Game/autonomous-car-sim_Data/UnitySubsystems
kGfxThreadingModeSplitJobs is not supported on Direct3D 11. Reverting to kGfxThreadingModeClientWorkerJobs instead.
GfxDevice: creating device client; kGfxThreadingModeClientWorkerJobs
Direct3D:
    Version:  Direct3D 11.0 [level 11.1]
    Renderer: Intel(R) Arc(TM) Graphics (ID=0x7d55)
    Vendor:   Intel
    VRAM:     7868 MB
    Driver:   32.0.101.5768
Begin MonoManager ReloadAssembly
- Loaded All Assemblies, in  0.287 seconds
- Finished resetting the current domain, in  0.005 seconds
[Physics::Module] Selected backend.
[Physics::Module] Name: PhysX
[Physics::Module] Id: 0xf2b8ea05
[Physics::Module] SDK Version: 4.1.2
[Physics::Module] Integration Version: 1.0.0
[Physics::Module] Threading Mode: Multi-Threaded
<RI> Initializing input.
<RI> Input initialized.
<RI> Initialized touch support.
UnloadTime: 5.618000 ms
Registered Communicator in Agent.
Unable to save timers to file C:/Users/mmmba/Downloads/Code/UT Classes/Freshman Spring 24-25/ECLAIR/autonomous-car/Game/autonomous-car-sim_Data\ML-Agents\Timers\DriveToTarget_timers.json
[Physics::Module] Cleanup current backned.
[Physics::Module] Id: 0xf2b8ea05
Input System module state changed to: ShutdownInProgress.
Input System polling thread exited.
Input System module state changed to: Shutdown.
